<?xml version="1.0" encoding="UTF-8"?>
<testng-results ignored="0" total="1" passed="1" failed="0" skipped="0">
  <reporter-output>
  </reporter-output>
  <suite started-at="2024-08-08T15:50:42 IST" name="Default suite" finished-at="2024-08-08T15:50:45 IST" duration-ms="3630">
    <groups>
    </groups>
    <test started-at="2024-08-08T15:50:42 IST" name="Default test" finished-at="2024-08-08T15:50:45 IST" duration-ms="3630">
      <class name="com.restassured.RestAssuredImplementationClass">
        <test-method signature="getUser()[pri:0, instance:com.restassured.RestAssuredImplementationClass@1caa0244]" started-at="2024-08-08T15:50:42 IST" name="getUser" finished-at="2024-08-08T15:50:45 IST" duration-ms="3581" status="PASS">
          <reporter-output>
          </reporter-output>
        </test-method> <!-- getUser -->
      </class> <!-- com.restassured.RestAssuredImplementationClass -->
    </test> <!-- Default test -->
  </suite> <!-- Default suite -->
</testng-results>
