<?xml version="1.0" encoding="UTF-8"?>
<!-- Generated by org.testng.reporters.JUnitXMLReporter -->
<testsuite ignored="0" hostname="DESKTOP-U8K08U5" failures="1" tests="8" name="Test" time="82.997" errors="0" timestamp="2024-08-07T17:16:32 IST">
  <testcase classname="com.itlearn.testcases.SerachTestCase" name="searchCourseTesr" time="5.895"/>
  <testcase classname="com.itlearn.testcases.DashBoardTestCase" name="testcourses" time="9.18"/>
  <testcase classname="com.itlearn.testcases.PaymentTestCase" name="testcourses" time="11.131"/>
  <testcase classname="com.itlearn.testcases.LoginTest" name="verifyLogin" time="1.936"/>
  <testcase classname="com.itlearn.testcases.LoginTest" name="fetchDashboardText" time="0.034"/>
  <testcase classname="com.itlearn.testcases.LoginTestDriverData" name="verifyLogin" time="3.812"/>
  <testcase classname="com.itlearn.testcases.LoginTestDriverData" name="verifyLogin" time="2.245">
    <failure type="java.lang.AssertionError" message="expected [true] but found [false]">
      <![CDATA[java.lang.AssertionError: expected [true] but found [false]
at com.itlearn.testcases.LoginTestDriverData.verifyLogin(LoginTestDriverData.java:34)
at java.base/java.util.ArrayList.forEach(ArrayList.java:1597)
... Removed 29 stack frames]]>
    </failure>
  </testcase> <!-- verifyLogin -->
  <testcase classname="com.restassured.RestAssuredImplementationClass" name="getUser" time="3.218"/>
</testsuite> <!-- Test -->
